Determining if the pthread_create exist failed with the following output:
Change Dir: /home/song/SLAM/StereoMatching/CMakeFiles/CMakeTmp

Run Build Command:"/usr/bin/make" "cmTC_bc692/fast"
make[1]: Entering directory '/home/song/SLAM/StereoMatching/CMakeFiles/CMakeTmp'
/usr/bin/make -f CMakeFiles/cmTC_bc692.dir/build.make CMakeFiles/cmTC_bc692.dir/build
make[2]: Entering directory '/home/song/SLAM/StereoMatching/CMakeFiles/CMakeTmp'
Building C object CMakeFiles/cmTC_bc692.dir/CheckSymbolExists.c.o
/usr/bin/cc     -o CMakeFiles/cmTC_bc692.dir/CheckSymbolExists.c.o   -c /home/song/SLAM/StereoMatching/CMakeFiles/CMakeTmp/CheckSymbolExists.c
Linking C executable cmTC_bc692
/usr/bin/cmake -E cmake_link_script CMakeFiles/cmTC_bc692.dir/link.txt --verbose=1
/usr/bin/cc       CMakeFiles/cmTC_bc692.dir/CheckSymbolExists.c.o  -o cmTC_bc692 -rdynamic 
CMakeFiles/cmTC_bc692.dir/CheckSymbolExists.c.o：在函数‘main’中：
CheckSymbolExists.c:(.text+0x16)：对‘pthread_create’未定义的引用
collect2: error: ld returned 1 exit status
CMakeFiles/cmTC_bc692.dir/build.make:97: recipe for target 'cmTC_bc692' failed
make[2]: *** [cmTC_bc692] Error 1
make[2]: Leaving directory '/home/song/SLAM/StereoMatching/CMakeFiles/CMakeTmp'
Makefile:126: recipe for target 'cmTC_bc692/fast' failed
make[1]: *** [cmTC_bc692/fast] Error 2
make[1]: Leaving directory '/home/song/SLAM/StereoMatching/CMakeFiles/CMakeTmp'

File /home/song/SLAM/StereoMatching/CMakeFiles/CMakeTmp/CheckSymbolExists.c:
/* */
#include <pthread.h>

int main(int argc, char** argv)
{
  (void)argv;
#ifndef pthread_create
  return ((int*)(&pthread_create))[argc];
#else
  (void)argc;
  return 0;
#endif
}

Determining if the function pthread_create exists in the pthreads failed with the following output:
Change Dir: /home/song/SLAM/StereoMatching/CMakeFiles/CMakeTmp

Run Build Command:"/usr/bin/make" "cmTC_dedd5/fast"
make[1]: Entering directory '/home/song/SLAM/StereoMatching/CMakeFiles/CMakeTmp'
/usr/bin/make -f CMakeFiles/cmTC_dedd5.dir/build.make CMakeFiles/cmTC_dedd5.dir/build
make[2]: Entering directory '/home/song/SLAM/StereoMatching/CMakeFiles/CMakeTmp'
Building C object CMakeFiles/cmTC_dedd5.dir/CheckFunctionExists.c.o
/usr/bin/cc    -DCHECK_FUNCTION_EXISTS=pthread_create   -o CMakeFiles/cmTC_dedd5.dir/CheckFunctionExists.c.o   -c /usr/share/cmake-3.5/Modules/CheckFunctionExists.c
Linking C executable cmTC_dedd5
/usr/bin/cmake -E cmake_link_script CMakeFiles/cmTC_dedd5.dir/link.txt --verbose=1
/usr/bin/cc   -DCHECK_FUNCTION_EXISTS=pthread_create    CMakeFiles/cmTC_dedd5.dir/CheckFunctionExists.c.o  -o cmTC_dedd5 -rdynamic -lpthreads 
/usr/bin/ld: 找不到 -lpthreads
collect2: error: ld returned 1 exit status
CMakeFiles/cmTC_dedd5.dir/build.make:97: recipe for target 'cmTC_dedd5' failed
make[2]: *** [cmTC_dedd5] Error 1
make[2]: Leaving directory '/home/song/SLAM/StereoMatching/CMakeFiles/CMakeTmp'
Makefile:126: recipe for target 'cmTC_dedd5/fast' failed
make[1]: *** [cmTC_dedd5/fast] Error 2
make[1]: Leaving directory '/home/song/SLAM/StereoMatching/CMakeFiles/CMakeTmp'


Determining if the pthread_create exist failed with the following output:
Change Dir: /home/song/SLAM/StereoMatching/CMakeFiles/CMakeTmp

Run Build Command:"/usr/bin/make" "cmTC_396f6/fast"
/usr/bin/make -f CMakeFiles/cmTC_396f6.dir/build.make CMakeFiles/cmTC_396f6.dir/build
make[1]: Entering directory '/home/song/SLAM/StereoMatching/CMakeFiles/CMakeTmp'
Building C object CMakeFiles/cmTC_396f6.dir/CheckSymbolExists.c.o
/usr/bin/cc     -o CMakeFiles/cmTC_396f6.dir/CheckSymbolExists.c.o   -c /home/song/SLAM/StereoMatching/CMakeFiles/CMakeTmp/CheckSymbolExists.c
Linking C executable cmTC_396f6
/usr/bin/cmake -E cmake_link_script CMakeFiles/cmTC_396f6.dir/link.txt --verbose=1
/usr/bin/cc       CMakeFiles/cmTC_396f6.dir/CheckSymbolExists.c.o  -o cmTC_396f6 -rdynamic 
CMakeFiles/cmTC_396f6.dir/CheckSymbolExists.c.o：在函数‘main’中：
CheckSymbolExists.c:(.text+0x16)：对‘pthread_create’未定义的引用
collect2: error: ld returned 1 exit status
CMakeFiles/cmTC_396f6.dir/build.make:97: recipe for target 'cmTC_396f6' failed
make[1]: *** [cmTC_396f6] Error 1
make[1]: Leaving directory '/home/song/SLAM/StereoMatching/CMakeFiles/CMakeTmp'
Makefile:126: recipe for target 'cmTC_396f6/fast' failed
make: *** [cmTC_396f6/fast] Error 2

File /home/song/SLAM/StereoMatching/CMakeFiles/CMakeTmp/CheckSymbolExists.c:
/* */
#include <pthread.h>

int main(int argc, char** argv)
{
  (void)argv;
#ifndef pthread_create
  return ((int*)(&pthread_create))[argc];
#else
  (void)argc;
  return 0;
#endif
}

Determining if the function pthread_create exists in the pthreads failed with the following output:
Change Dir: /home/song/SLAM/StereoMatching/CMakeFiles/CMakeTmp

Run Build Command:"/usr/bin/make" "cmTC_9d1bf/fast"
/usr/bin/make -f CMakeFiles/cmTC_9d1bf.dir/build.make CMakeFiles/cmTC_9d1bf.dir/build
make[1]: Entering directory '/home/song/SLAM/StereoMatching/CMakeFiles/CMakeTmp'
Building C object CMakeFiles/cmTC_9d1bf.dir/CheckFunctionExists.c.o
/usr/bin/cc    -DCHECK_FUNCTION_EXISTS=pthread_create   -o CMakeFiles/cmTC_9d1bf.dir/CheckFunctionExists.c.o   -c /usr/share/cmake-3.5/Modules/CheckFunctionExists.c
Linking C executable cmTC_9d1bf
/usr/bin/cmake -E cmake_link_script CMakeFiles/cmTC_9d1bf.dir/link.txt --verbose=1
/usr/bin/cc   -DCHECK_FUNCTION_EXISTS=pthread_create    CMakeFiles/cmTC_9d1bf.dir/CheckFunctionExists.c.o  -o cmTC_9d1bf -rdynamic -lpthreads 
/usr/bin/ld: 找不到 -lpthreads
collect2: error: ld returned 1 exit status
CMakeFiles/cmTC_9d1bf.dir/build.make:97: recipe for target 'cmTC_9d1bf' failed
make[1]: *** [cmTC_9d1bf] Error 1
make[1]: Leaving directory '/home/song/SLAM/StereoMatching/CMakeFiles/CMakeTmp'
Makefile:126: recipe for target 'cmTC_9d1bf/fast' failed
make: *** [cmTC_9d1bf/fast] Error 2


Determining if the pthread_create exist failed with the following output:
Change Dir: /home/song/SLAM/StereoMatching2/CMakeFiles/CMakeTmp

Run Build Command:"/usr/bin/make" "cmTC_d1325/fast"
/usr/bin/make -f CMakeFiles/cmTC_d1325.dir/build.make CMakeFiles/cmTC_d1325.dir/build
make[1]: Entering directory '/home/song/SLAM/StereoMatching2/CMakeFiles/CMakeTmp'
Building C object CMakeFiles/cmTC_d1325.dir/CheckSymbolExists.c.o
/usr/bin/cc     -o CMakeFiles/cmTC_d1325.dir/CheckSymbolExists.c.o   -c /home/song/SLAM/StereoMatching2/CMakeFiles/CMakeTmp/CheckSymbolExists.c
Linking C executable cmTC_d1325
/usr/bin/cmake -E cmake_link_script CMakeFiles/cmTC_d1325.dir/link.txt --verbose=1
/usr/bin/cc       CMakeFiles/cmTC_d1325.dir/CheckSymbolExists.c.o  -o cmTC_d1325 -rdynamic 
CMakeFiles/cmTC_d1325.dir/CheckSymbolExists.c.o：在函数‘main’中：
CheckSymbolExists.c:(.text+0x16)：对‘pthread_create’未定义的引用
collect2: error: ld returned 1 exit status
CMakeFiles/cmTC_d1325.dir/build.make:97: recipe for target 'cmTC_d1325' failed
make[1]: *** [cmTC_d1325] Error 1
make[1]: Leaving directory '/home/song/SLAM/StereoMatching2/CMakeFiles/CMakeTmp'
Makefile:126: recipe for target 'cmTC_d1325/fast' failed
make: *** [cmTC_d1325/fast] Error 2

File /home/song/SLAM/StereoMatching2/CMakeFiles/CMakeTmp/CheckSymbolExists.c:
/* */
#include <pthread.h>

int main(int argc, char** argv)
{
  (void)argv;
#ifndef pthread_create
  return ((int*)(&pthread_create))[argc];
#else
  (void)argc;
  return 0;
#endif
}

Determining if the function pthread_create exists in the pthreads failed with the following output:
Change Dir: /home/song/SLAM/StereoMatching2/CMakeFiles/CMakeTmp

Run Build Command:"/usr/bin/make" "cmTC_3e8a7/fast"
/usr/bin/make -f CMakeFiles/cmTC_3e8a7.dir/build.make CMakeFiles/cmTC_3e8a7.dir/build
make[1]: Entering directory '/home/song/SLAM/StereoMatching2/CMakeFiles/CMakeTmp'
Building C object CMakeFiles/cmTC_3e8a7.dir/CheckFunctionExists.c.o
/usr/bin/cc    -DCHECK_FUNCTION_EXISTS=pthread_create   -o CMakeFiles/cmTC_3e8a7.dir/CheckFunctionExists.c.o   -c /usr/share/cmake-3.5/Modules/CheckFunctionExists.c
Linking C executable cmTC_3e8a7
/usr/bin/cmake -E cmake_link_script CMakeFiles/cmTC_3e8a7.dir/link.txt --verbose=1
/usr/bin/cc   -DCHECK_FUNCTION_EXISTS=pthread_create    CMakeFiles/cmTC_3e8a7.dir/CheckFunctionExists.c.o  -o cmTC_3e8a7 -rdynamic -lpthreads 
/usr/bin/ld: 找不到 -lpthreads
collect2: error: ld returned 1 exit status
CMakeFiles/cmTC_3e8a7.dir/build.make:97: recipe for target 'cmTC_3e8a7' failed
make[1]: *** [cmTC_3e8a7] Error 1
make[1]: Leaving directory '/home/song/SLAM/StereoMatching2/CMakeFiles/CMakeTmp'
Makefile:126: recipe for target 'cmTC_3e8a7/fast' failed
make: *** [cmTC_3e8a7/fast] Error 2


